<?xml version="1.0" encoding="UTF-8"?>
<robot generator="Robot 7.1.1 (Python 3.13.0 on win32)" generated="2025-06-23T18:52:20.425258" rpa="false" schemaversion="5">
<suite id="s1" name="Api Testing Usuarios" source="C:\repositorio\Test_api_ServeRest\api_testing_usuarios.robot">
<test id="s1-t1" name="Cenario 01: Cadastrar um novo usuario na ServerRest" line="11">
<kw name="Criar um novo usuário" owner="api_testing_usuarios">
<kw name="Generate Random String" owner="String">
<msg time="2025-06-23T18:52:20.916467" level="INFO">${palavra_aleatoria} = lhre</msg>
<var>${palavra_aleatoria}</var>
<arg>length=4</arg>
<arg>chars=[LETTERS]</arg>
<doc>Generates a string with a desired ``length`` from the given ``chars``.</doc>
<status status="PASS" start="2025-06-23T18:52:20.916006" elapsed="0.000522"/>
</kw>
<kw name="Convert To Lower Case" owner="String">
<msg time="2025-06-23T18:52:20.917036" level="INFO">${palavra_aleatoria} = lhre</msg>
<var>${palavra_aleatoria}</var>
<arg>${palavra_aleatoria}</arg>
<doc>Converts string to lower case.</doc>
<status status="PASS" start="2025-06-23T18:52:20.916752" elapsed="0.000328"/>
</kw>
<kw name="Set Variable" owner="BuiltIn">
<msg time="2025-06-23T18:52:20.917503" level="INFO">${EMAIL_TESTE} = lhre@emailTeste.com</msg>
<var>${EMAIL_TESTE}</var>
<arg>${palavra_aleatoria}@emailTeste.com</arg>
<doc>Returns the given values which can then be assigned to a variables.</doc>
<status status="PASS" start="2025-06-23T18:52:20.917252" elapsed="0.000289"/>
</kw>
<kw name="Set Test Variable" owner="BuiltIn">
<msg time="2025-06-23T18:52:20.918010" level="INFO">${EMAIL_TESTE} = lhre@emailTeste.com</msg>
<arg>${EMAIL_TESTE}</arg>
<doc>Makes a variable available everywhere within the scope of the current test.</doc>
<status status="PASS" start="2025-06-23T18:52:20.917717" elapsed="0.000355"/>
</kw>
<kw name="Log" owner="BuiltIn">
<msg time="2025-06-23T18:52:20.918407" level="INFO">lhre@emailTeste.com</msg>
<arg>${EMAIL_TESTE}</arg>
<doc>Logs the given message with the given level.</doc>
<status status="PASS" start="2025-06-23T18:52:20.918229" elapsed="0.000247"/>
</kw>
<status status="PASS" start="2025-06-23T18:52:20.914948" elapsed="0.003629"/>
</kw>
<kw name="Cadastrar o novo usuário criado na ServeRest" owner="api_testing_usuarios">
<kw name="Create Dictionary" owner="BuiltIn">
<msg time="2025-06-23T18:52:20.920155" level="INFO">${body} = {'nome': 'Fulano da Silva', 'email': 'tocha03@hotmail.com', 'password': '1234', 'administrador': 'true'}</msg>
<var>${body}</var>
<arg>nome=Fulano da Silva</arg>
<arg>email=tocha03@hotmail.com</arg>
<arg>password=1234</arg>
<arg>administrador=true</arg>
<doc>Creates and returns a dictionary based on the given ``items``.</doc>
<status status="PASS" start="2025-06-23T18:52:20.919658" elapsed="0.000546"/>
</kw>
<kw name="Log" owner="BuiltIn">
<msg time="2025-06-23T18:52:20.920601" level="INFO">{'nome': 'Fulano da Silva', 'email': 'tocha03@hotmail.com', 'password': '1234', 'administrador': 'true'}</msg>
<arg>${body}</arg>
<doc>Logs the given message with the given level.</doc>
<status status="PASS" start="2025-06-23T18:52:20.920405" elapsed="0.000257"/>
</kw>
<kw name="Criar sessão na ServeRest" owner="api_testing_usuarios">
<kw name="Create Dictionary" owner="BuiltIn">
<msg time="2025-06-23T18:52:20.921389" level="INFO">${headers} = {'accept': 'application/json', 'content-type': 'application/json'}</msg>
<var>${headers}</var>
<arg>accept=application/json</arg>
<arg>content-type=application/json</arg>
<doc>Creates and returns a dictionary based on the given ``items``.</doc>
<status status="PASS" start="2025-06-23T18:52:20.921166" elapsed="0.000277"/>
</kw>
<kw name="Create Session" owner="RequestsLibrary">
<msg time="2025-06-23T18:52:20.921879" level="INFO">Creating Session using : alias=ServeRest, url=https://serverest.dev, headers={'accept': 'application/json', 'content-type': 'application/json'},                     cookies={}, auth=None, timeout=None, proxies=None, verify=False,                     debug=0 </msg>
<arg>alias=ServeRest</arg>
<arg>url=https://serverest.dev</arg>
<arg>headers=${headers}</arg>
<doc>Create Session: create a HTTP session to a server</doc>
<status status="PASS" start="2025-06-23T18:52:20.921596" elapsed="0.002061"/>
</kw>
<status status="PASS" start="2025-06-23T18:52:20.920856" elapsed="0.002994"/>
</kw>
<kw name="POST On Session" owner="RequestsLibrary">
<msg time="2025-06-23T18:52:21.667418" level="INFO">POST Request : url=https://serverest.dev/usuarios 
 path_url=/usuarios 
 headers={'User-Agent': 'python-requests/2.32.3', 'Accept-Encoding': 'gzip, deflate', 'accept': 'application/json', 'Connection': 'keep-alive', 'content-type': 'application/json', 'Content-Length': '104'} 
 body=b'{"nome": "Fulano da Silva", "email": "tocha03@hotmail.com", "password": "1234", "administrador": "true"}' 
 </msg>
<msg time="2025-06-23T18:52:21.667698" level="INFO">POST Response : url=https://serverest.dev/usuarios 
 status=201, reason=Created 
 headers={'access-control-allow-origin': '*', 'x-dns-prefetch-control': 'off', 'x-frame-options': 'SAMEORIGIN', 'strict-transport-security': 'max-age=15552000; includeSubDomains', 'x-download-options': 'noopen', 'x-content-type-options': 'nosniff', 'x-xss-protection': '1; mode=block', 'content-type': 'application/json; charset=utf-8', 'x-cloud-trace-context': '0d6c392cea6ac34e038c937478cad5d8', 'date': 'Mon, 23 Jun 2025 21:52:21 GMT', 'server': 'Google Frontend', 'Content-Length': '82'} 
 body={
    "message": "Cadastro realizado com sucesso",
    "_id": "eoPhFug7SnmoAsiD"
} 
 </msg>
<msg time="2025-06-23T18:52:21.667879" level="INFO">C:\Users\André\AppData\Local\Programs\Python\Python313\Lib\site-packages\urllib3\connectionpool.py:1099: InsecureRequestWarning: Unverified HTTPS request is being made to host 'serverest.dev'. Adding certificate verification is strongly advised. See: https://urllib3.readthedocs.io/en/latest/advanced-usage.html#tls-warnings
  warnings.warn(</msg>
<msg time="2025-06-23T18:52:21.669123" level="INFO">${resposta} = &lt;Response [201]&gt;</msg>
<var>${resposta}</var>
<arg>alias=ServeRest</arg>
<arg>url=/usuarios</arg>
<arg>json=${body}</arg>
<doc>Sends a POST request on a previously created HTTP Session.</doc>
<status status="PASS" start="2025-06-23T18:52:20.924076" elapsed="0.745148"/>
</kw>
<kw name="Log" owner="BuiltIn">
<msg time="2025-06-23T18:52:21.670445" level="INFO">{'message': 'Cadastro realizado com sucesso', '_id': 'eoPhFug7SnmoAsiD'}</msg>
<arg>message=${resposta.json()}</arg>
<doc>Logs the given message with the given level.</doc>
<status status="PASS" start="2025-06-23T18:52:21.669505" elapsed="0.001024"/>
</kw>
<kw name="Set Test Variable" owner="BuiltIn">
<msg time="2025-06-23T18:52:21.671635" level="INFO">${RESPOSTA} = {'message': 'Cadastro realizado com sucesso', '_id': 'eoPhFug7SnmoAsiD'}</msg>
<arg>${RESPOSTA}</arg>
<arg>${resposta.json()}</arg>
<doc>Makes a variable available everywhere within the scope of the current test.</doc>
<status status="PASS" start="2025-06-23T18:52:21.670735" elapsed="0.000977"/>
</kw>
<status status="PASS" start="2025-06-23T18:52:20.919109" elapsed="0.752718"/>
</kw>
<kw name="Conferir se o usuário foi cadastrado corretamente" owner="api_testing_usuarios">
<kw name="Log" owner="BuiltIn">
<msg time="2025-06-23T18:52:21.672826" level="INFO">{'message': 'Cadastro realizado com sucesso', '_id': 'eoPhFug7SnmoAsiD'}</msg>
<arg>${RESPOSTA}</arg>
<doc>Logs the given message with the given level.</doc>
<status status="PASS" start="2025-06-23T18:52:21.672637" elapsed="0.000261"/>
</kw>
<status status="PASS" start="2025-06-23T18:52:21.672230" elapsed="0.000764"/>
</kw>
<status status="PASS" start="2025-06-23T18:52:20.913652" elapsed="0.759651"/>
</test>
<status status="PASS" start="2025-06-23T18:52:20.427236" elapsed="1.247567"/>
</suite>
<statistics>
<total>
<stat pass="1" fail="0" skip="0">All Tests</stat>
</total>
<tag>
</tag>
<suite>
<stat pass="1" fail="0" skip="0" id="s1" name="Api Testing Usuarios">Api Testing Usuarios</stat>
</suite>
</statistics>
<errors>
</errors>
</robot>
